Terminals unused in grammar

    END
    COLON
    INT
    FLOAT
    MULT


Rules useless in parser due to conflicts

   56 Stmt: IF LPAR Expr EQ Expr RPAR LBRA


State 1 conflicts: 1 reduce/reduce
State 10 conflicts: 1 reduce/reduce
State 18 conflicts: 1 reduce/reduce
State 27 conflicts: 1 shift/reduce
State 29 conflicts: 1 shift/reduce
State 30 conflicts: 9 reduce/reduce
State 34 conflicts: 1 shift/reduce
State 53 conflicts: 8 reduce/reduce
State 72 conflicts: 1 shift/reduce
State 76 conflicts: 1 shift/reduce
State 87 conflicts: 1 shift/reduce
State 93 conflicts: 1 shift/reduce
State 124 conflicts: 1 shift/reduce
State 134 conflicts: 18 shift/reduce
State 145 conflicts: 19 shift/reduce
State 147 conflicts: 1 shift/reduce
State 150 conflicts: 1 shift/reduce
State 158 conflicts: 1 shift/reduce
State 159 conflicts: 9 shift/reduce
State 164 conflicts: 1 shift/reduce
State 168 conflicts: 2 shift/reduce
State 170 conflicts: 1 shift/reduce
State 178 conflicts: 7 shift/reduce
State 187 conflicts: 7 shift/reduce
State 190 conflicts: 1 shift/reduce


Grammar

    0 $accept: Program $end

    1 Program: FuncDeclList MainFunc
    2        | error

    3 $@1: ε

    4 MainFunc: VOID FUNC_DECL MAIN $@1 LPAR RPAR LBRA Body RBRA

    5 Body: VarDeclList StmtList
    6     | error

    7 FuncDeclList: ε
    8             | FuncDecl FuncDeclList
    9             | error

   10 $@2: ε

   11 FuncDecl: FUNC_DECL TYPE ID $@2 LPAR ParamList RPAR LBRA Body RBRA
   12         | error

   13 FuncCall: ID LPAR ExprList RPAR

   14 ParamList: ε
   15          | ParamDecl
   16          | ParamDecl COMMA ParamList
   17          | error

   18 ParamDecl: TYPE ID
   19          | error

   20 VarDeclList: ε
   21            | VarDecl VarDeclList
   22            | error

   23 VarDecl: TYPE ID SEMICOLON
   24        | TYPE ID EQ Expr SEMICOLON
   25        | Array_Decl SEMICOLON
   26        | Array_Decl EQ LBRA ExprList RBRA SEMICOLON
   27        | TYPE ID
   28        | TYPE ID EQ Expr
   29        | TYPE NUMBER
   30        | error

   31 StmtList: ε
   32         | Stmt StmtList

   33 Stmt: ID EQ Expr SEMICOLON
   34     | ID EQ FuncCall SEMICOLON
   35     | FuncCall SEMICOLON
   36     | Array EQ Expr SEMICOLON
   37     | ID EQ Expr
   38     | WRITE Expr SEMICOLON
   39     | WRITE Expr
   40     | WRITE LPAR Expr RPAR SEMICOLON
   41     | WRITE Array SEMICOLON
   42     | WRITE LPAR Expr RPAR
   43     | PRINT Expr SEMICOLON
   44     | PRINT Expr
   45     | PRINT LPAR Expr RPAR SEMICOLON
   46     | PRINT LPAR Expr RPAR
   47     | IfStatements
   48     | WhileStatement
   49     | IF LPAR Expr EQ Expr RPAR LBRA Stmt
   50     | IF LPAR Expr EQ Expr RPAR LBRA Stmt ELSE LBRA Stmt RBRA
   51     | IF LPAR Expr EQ Expr RPAR LBRA Stmt RBRA ELSE LBRA Stmt
   52     | IF LPAR Expr EQ Expr RPAR LBRA Stmt ELSE LBRA RBRA
   53     | IF LPAR Expr EQ Expr RPAR LBRA ELSE LBRA Stmt RBRA
   54     | IF LPAR Expr EQ Expr RPAR LBRA Stmt RBRA ELSE LBRA
   55     | IF LPAR Expr EQ Expr RPAR LBRA RBRA ELSE LBRA Stmt
   56     | IF LPAR Expr EQ Expr RPAR LBRA
   57     | IF LPAR Expr EQ Expr RPAR LBRA ELSE LBRA RBRA
   58     | IF LPAR Expr EQ Expr RPAR LBRA RBRA ELSE LBRA
   59     | RETURN LPAR Expr RPAR SEMICOLON
   60     | RETURN Expr SEMICOLON
   61     | error

   62 WhileStatement: WHILE LPAR Expr RPAR LBRA Body RBRA

   63 IfStatements: IF LPAR Expr RPAR LBRA Body RBRA
   64             | IF LPAR Expr RPAR LBRA Body RBRA ElseStatement
   65             | IF LPAR Expr RPAR LBRA Body RBRA ElseIfStatements
   66             | IF LPAR Expr RPAR LBRA Body RBRA ElseIfStatements ElseStatement

   67 ElseIfStatements: ELSEIF LPAR Expr RPAR LBRA Body RBRA
   68                 | ELSEIF LPAR Expr RPAR LBRA Body RBRA ElseIfStatements

   69 ElseStatement: ELSE LBRA Body RBRA

   70 ExprList: Expr
   71         | Expr COMMA ExprList

   72 Expr: Expr BinOp Expr
   73     | LPAR Expr BinOp Expr RPAR
   74     | ID
   75     | NUMBER
   76     | DECIMAL_NUMBER
   77     | BOOL
   78     | STR
   79     | CHR
   80     | error

   81 Array_Decl: TYPE ID LBLO NUMBER RBLO
   82           | TYPE ID LBLO NUMBER RBLO EQ LBRA ExprList RBRA

   83 Array: ID LBLO NUMBER RBLO

   84 BinOp: PLUS
   85      | MINUS
   86      | MUL
   87      | DIV
   88      | POW
   89      | FAC
   90      | FIB
   91      | PEQ
   92      | SEQ
   93      | MEQ
   94      | DEQ
   95      | DUP
   96      | NUP
   97      | GT
   98      | GTE
   99      | LT
  100      | LTE
  101      | error


Terminals, with rules where they appear

    $end (0) 0
    error (256) 2 6 9 12 17 19 22 30 61 80 101
    TYPE <string> (258) 11 18 23 24 27 28 29 81 82
    VOID <string> (259) 4
    FUNC_DECL <string> (260) 4 11
    MAIN <string> (261) 4
    BOOL <string> (262) 77
    ID <string> (263) 11 13 18 23 24 27 28 33 34 37 74 81 82 83
    NUMBER <number> (264) 29 75 81 82 83
    DECIMAL_NUMBER <float_number> (265) 76
    STR <string> (266) 78
    CHR <string> (267) 79
    END <string> (268)
    LPAR <char> (269) 4 11 13 40 42 45 46 49 50 51 52 53 54 55 56 57 58 59 62 63 64 65 66 67 68 73
    RPAR <char> (270) 4 11 13 40 42 45 46 49 50 51 52 53 54 55 56 57 58 59 62 63 64 65 66 67 68 73
    LBRA <char> (271) 4 11 26 49 50 51 52 53 54 55 56 57 58 62 63 64 65 66 67 68 69 82
    RBRA <char> (272) 4 11 26 50 51 52 53 54 55 57 58 62 63 64 65 66 67 68 69 82
    LBLO <char> (273) 81 82 83
    RBLO <char> (274) 81 82 83
    SEMICOLON <char> (275) 23 24 25 26 33 34 35 36 38 40 41 43 45 59 60
    COLON <char> (276)
    COMMA <char> (277) 16 71
    EQ <operator> (278) 24 26 28 33 34 36 37 49 50 51 52 53 54 55 56 57 58 82
    PEQ <operator> (279) 91
    SEQ <operator> (280) 92
    MEQ <operator> (281) 93
    DEQ <operator> (282) 94
    DUP <operator> (283) 95
    NUP <operator> (284) 96
    LT <operator> (285) 99
    LTE <operator> (286) 100
    GT <operator> (287) 97
    GTE <operator> (288) 98
    PLUS <operator> (289) 84
    MINUS <operator> (290) 85
    MUL <operator> (291) 86
    DIV <operator> (292) 87
    POW <operator> (293) 88
    FAC <operator> (294) 89
    FIB <operator> (295) 90
    WRITE <string> (296) 38 39 40 41 42
    PRINT <string> (297) 43 44 45 46
    IF <string> (298) 49 50 51 52 53 54 55 56 57 58 63 64 65 66
    ELSEIF <string> (299) 67 68
    ELSE <string> (300) 50 51 52 53 54 55 57 58 69
    RETURN <string> (301) 59 60
    WHILE <string> (302) 62
    INT <string> (303)
    FLOAT <string> (304)
    MULT (305)


Nonterminals, with rules where they appear

    $accept (51)
        on left: 0
    Program <ast> (52)
        on left: 1 2
        on right: 0
    MainFunc <ast> (53)
        on left: 4
        on right: 1
    $@1 (54)
        on left: 3
        on right: 4
    Body <ast> (55)
        on left: 5 6
        on right: 4 11 62 63 64 65 66 67 68 69
    FuncDeclList <ast> (56)
        on left: 7 8 9
        on right: 1 8
    FuncDecl <ast> (57)
        on left: 11 12
        on right: 8
    $@2 (58)
        on left: 10
        on right: 11
    FuncCall <ast> (59)
        on left: 13
        on right: 34 35
    ParamList <ast> (60)
        on left: 14 15 16 17
        on right: 11 16
    ParamDecl <ast> (61)
        on left: 18 19
        on right: 15 16
    VarDeclList <ast> (62)
        on left: 20 21 22
        on right: 5 21
    VarDecl <ast> (63)
        on left: 23 24 25 26 27 28 29 30
        on right: 21
    StmtList <ast> (64)
        on left: 31 32
        on right: 5 32
    Stmt <ast> (65)
        on left: 33 34 35 36 37 38 39 40 41 42 43 44 45 46 47 48 49 50 51 52 53 54 55 56 57 58 59 60 61
        on right: 32 49 50 51 52 53 54 55
    WhileStatement <ast> (66)
        on left: 62
        on right: 48
    IfStatements <ast> (67)
        on left: 63 64 65 66
        on right: 47
    ElseIfStatements <ast> (68)
        on left: 67 68
        on right: 65 66 68
    ElseStatement <ast> (69)
        on left: 69
        on right: 64 66
    ExprList <ast> (70)
        on left: 70 71
        on right: 13 26 71 82
    Expr <ast> (71)
        on left: 72 73 74 75 76 77 78 79 80
        on right: 24 28 33 36 37 38 39 40 42 43 44 45 46 49 50 51 52 53 54 55 56 57 58 59 60 62 63 64 65 66 67 68 70 71 72 73
    Array_Decl <ast> (72)
        on left: 81 82
        on right: 25 26
    Array <ast> (73)
        on left: 83
        on right: 36 41
    BinOp <ast> (74)
        on left: 84 85 86 87 88 89 90 91 92 93 94 95 96 97 98 99 100 101
        on right: 72 73


State 0

    0 $accept: • Program $end

    error      shift, and go to state 1
    FUNC_DECL  shift, and go to state 2

    VOID  reduce using rule 7 (FuncDeclList)

    Program       go to state 3
    FuncDeclList  go to state 4
    FuncDecl      go to state 5


State 1

    2 Program: error •
    9 FuncDeclList: error •
   12 FuncDecl: error •

    $end      reduce using rule 2 (Program)
    VOID      reduce using rule 9 (FuncDeclList)
    VOID      [reduce using rule 12 (FuncDecl)]
    $default  reduce using rule 12 (FuncDecl)


State 2

   11 FuncDecl: FUNC_DECL • TYPE ID $@2 LPAR ParamList RPAR LBRA Body RBRA

    TYPE  shift, and go to state 6


State 3

    0 $accept: Program • $end

    $end  shift, and go to state 7


State 4

    1 Program: FuncDeclList • MainFunc

    VOID  shift, and go to state 8

    MainFunc  go to state 9


State 5

    8 FuncDeclList: FuncDecl • FuncDeclList

    error      shift, and go to state 10
    FUNC_DECL  shift, and go to state 2

    VOID  reduce using rule 7 (FuncDeclList)

    FuncDeclList  go to state 11
    FuncDecl      go to state 5


State 6

   11 FuncDecl: FUNC_DECL TYPE • ID $@2 LPAR ParamList RPAR LBRA Body RBRA

    ID  shift, and go to state 12


State 7

    0 $accept: Program $end •

    $default  accept


State 8

    4 MainFunc: VOID • FUNC_DECL MAIN $@1 LPAR RPAR LBRA Body RBRA

    FUNC_DECL  shift, and go to state 13


State 9

    1 Program: FuncDeclList MainFunc •

    $default  reduce using rule 1 (Program)


State 10

    9 FuncDeclList: error •
   12 FuncDecl: error •

    VOID      reduce using rule 9 (FuncDeclList)
    VOID      [reduce using rule 12 (FuncDecl)]
    $default  reduce using rule 12 (FuncDecl)


State 11

    8 FuncDeclList: FuncDecl FuncDeclList •

    $default  reduce using rule 8 (FuncDeclList)


State 12

   11 FuncDecl: FUNC_DECL TYPE ID • $@2 LPAR ParamList RPAR LBRA Body RBRA

    $default  reduce using rule 10 ($@2)

    $@2  go to state 14


State 13

    4 MainFunc: VOID FUNC_DECL • MAIN $@1 LPAR RPAR LBRA Body RBRA

    MAIN  shift, and go to state 15


State 14

   11 FuncDecl: FUNC_DECL TYPE ID $@2 • LPAR ParamList RPAR LBRA Body RBRA

    LPAR  shift, and go to state 16


State 15

    4 MainFunc: VOID FUNC_DECL MAIN • $@1 LPAR RPAR LBRA Body RBRA

    $default  reduce using rule 3 ($@1)

    $@1  go to state 17


State 16

   11 FuncDecl: FUNC_DECL TYPE ID $@2 LPAR • ParamList RPAR LBRA Body RBRA

    error  shift, and go to state 18
    TYPE   shift, and go to state 19

    RPAR  reduce using rule 14 (ParamList)

    ParamList  go to state 20
    ParamDecl  go to state 21


State 17

    4 MainFunc: VOID FUNC_DECL MAIN $@1 • LPAR RPAR LBRA Body RBRA

    LPAR  shift, and go to state 22


State 18

   17 ParamList: error •
   19 ParamDecl: error •

    RPAR      reduce using rule 17 (ParamList)
    RPAR      [reduce using rule 19 (ParamDecl)]
    COMMA     reduce using rule 19 (ParamDecl)
    $default  reduce using rule 17 (ParamList)


State 19

   18 ParamDecl: TYPE • ID

    ID  shift, and go to state 23


State 20

   11 FuncDecl: FUNC_DECL TYPE ID $@2 LPAR ParamList • RPAR LBRA Body RBRA

    RPAR  shift, and go to state 24


State 21

   15 ParamList: ParamDecl •
   16          | ParamDecl • COMMA ParamList

    COMMA  shift, and go to state 25

    $default  reduce using rule 15 (ParamList)


State 22

    4 MainFunc: VOID FUNC_DECL MAIN $@1 LPAR • RPAR LBRA Body RBRA

    RPAR  shift, and go to state 26


State 23

   18 ParamDecl: TYPE ID •

    $default  reduce using rule 18 (ParamDecl)


State 24

   11 FuncDecl: FUNC_DECL TYPE ID $@2 LPAR ParamList RPAR • LBRA Body RBRA

    LBRA  shift, and go to state 27


State 25

   16 ParamList: ParamDecl COMMA • ParamList

    error  shift, and go to state 18
    TYPE   shift, and go to state 19

    RPAR  reduce using rule 14 (ParamList)

    ParamList  go to state 28
    ParamDecl  go to state 21


State 26

    4 MainFunc: VOID FUNC_DECL MAIN $@1 LPAR RPAR • LBRA Body RBRA

    LBRA  shift, and go to state 29


State 27

   11 FuncDecl: FUNC_DECL TYPE ID $@2 LPAR ParamList RPAR LBRA • Body RBRA

    error  shift, and go to state 30
    TYPE   shift, and go to state 31

    error   [reduce using rule 20 (VarDeclList)]
    ID      reduce using rule 20 (VarDeclList)
    RBRA    reduce using rule 20 (VarDeclList)
    WRITE   reduce using rule 20 (VarDeclList)
    PRINT   reduce using rule 20 (VarDeclList)
    IF      reduce using rule 20 (VarDeclList)
    RETURN  reduce using rule 20 (VarDeclList)
    WHILE   reduce using rule 20 (VarDeclList)

    Body         go to state 32
    VarDeclList  go to state 33
    VarDecl      go to state 34
    Array_Decl   go to state 35


State 28

   16 ParamList: ParamDecl COMMA ParamList •

    $default  reduce using rule 16 (ParamList)


State 29

    4 MainFunc: VOID FUNC_DECL MAIN $@1 LPAR RPAR LBRA • Body RBRA

    error  shift, and go to state 30
    TYPE   shift, and go to state 31

    error   [reduce using rule 20 (VarDeclList)]
    ID      reduce using rule 20 (VarDeclList)
    RBRA    reduce using rule 20 (VarDeclList)
    WRITE   reduce using rule 20 (VarDeclList)
    PRINT   reduce using rule 20 (VarDeclList)
    IF      reduce using rule 20 (VarDeclList)
    RETURN  reduce using rule 20 (VarDeclList)
    WHILE   reduce using rule 20 (VarDeclList)

    Body         go to state 36
    VarDeclList  go to state 33
    VarDecl      go to state 34
    Array_Decl   go to state 35


State 30

    6 Body: error •
   22 VarDeclList: error •
   30 VarDecl: error •

    error     reduce using rule 22 (VarDeclList)
    error     [reduce using rule 30 (VarDecl)]
    TYPE      reduce using rule 30 (VarDecl)
    ID        reduce using rule 22 (VarDeclList)
    ID        [reduce using rule 30 (VarDecl)]
    RBRA      reduce using rule 6 (Body)
    RBRA      [reduce using rule 22 (VarDeclList)]
    RBRA      [reduce using rule 30 (VarDecl)]
    WRITE     reduce using rule 22 (VarDeclList)
    WRITE     [reduce using rule 30 (VarDecl)]
    PRINT     reduce using rule 22 (VarDeclList)
    PRINT     [reduce using rule 30 (VarDecl)]
    IF        reduce using rule 22 (VarDeclList)
    IF        [reduce using rule 30 (VarDecl)]
    RETURN    reduce using rule 22 (VarDeclList)
    RETURN    [reduce using rule 30 (VarDecl)]
    WHILE     reduce using rule 22 (VarDeclList)
    WHILE     [reduce using rule 30 (VarDecl)]
    $default  reduce using rule 22 (VarDeclList)


State 31

   23 VarDecl: TYPE • ID SEMICOLON
   24        | TYPE • ID EQ Expr SEMICOLON
   27        | TYPE • ID
   28        | TYPE • ID EQ Expr
   29        | TYPE • NUMBER
   81 Array_Decl: TYPE • ID LBLO NUMBER RBLO
   82           | TYPE • ID LBLO NUMBER RBLO EQ LBRA ExprList RBRA

    ID      shift, and go to state 37
    NUMBER  shift, and go to state 38


State 32

   11 FuncDecl: FUNC_DECL TYPE ID $@2 LPAR ParamList RPAR LBRA Body • RBRA

    RBRA  shift, and go to state 39


State 33

    5 Body: VarDeclList • StmtList

    error   shift, and go to state 40
    ID      shift, and go to state 41
    WRITE   shift, and go to state 42
    PRINT   shift, and go to state 43
    IF      shift, and go to state 44
    RETURN  shift, and go to state 45
    WHILE   shift, and go to state 46

    RBRA  reduce using rule 31 (StmtList)

    FuncCall        go to state 47
    StmtList        go to state 48
    Stmt            go to state 49
    WhileStatement  go to state 50
    IfStatements    go to state 51
    Array           go to state 52


State 34

   21 VarDeclList: VarDecl • VarDeclList

    error  shift, and go to state 53
    TYPE   shift, and go to state 31

    error   [reduce using rule 20 (VarDeclList)]
    ID      reduce using rule 20 (VarDeclList)
    RBRA    reduce using rule 20 (VarDeclList)
    WRITE   reduce using rule 20 (VarDeclList)
    PRINT   reduce using rule 20 (VarDeclList)
    IF      reduce using rule 20 (VarDeclList)
    RETURN  reduce using rule 20 (VarDeclList)
    WHILE   reduce using rule 20 (VarDeclList)

    VarDeclList  go to state 54
    VarDecl      go to state 34
    Array_Decl   go to state 35


State 35

   25 VarDecl: Array_Decl • SEMICOLON
   26        | Array_Decl • EQ LBRA ExprList RBRA SEMICOLON

    SEMICOLON  shift, and go to state 55
    EQ         shift, and go to state 56


State 36

    4 MainFunc: VOID FUNC_DECL MAIN $@1 LPAR RPAR LBRA Body • RBRA

    RBRA  shift, and go to state 57


State 37

   23 VarDecl: TYPE ID • SEMICOLON
   24        | TYPE ID • EQ Expr SEMICOLON
   27        | TYPE ID •
   28        | TYPE ID • EQ Expr
   81 Array_Decl: TYPE ID • LBLO NUMBER RBLO
   82           | TYPE ID • LBLO NUMBER RBLO EQ LBRA ExprList RBRA

    LBLO       shift, and go to state 58
    SEMICOLON  shift, and go to state 59
    EQ         shift, and go to state 60

    $default  reduce using rule 27 (VarDecl)


State 38

   29 VarDecl: TYPE NUMBER •

    $default  reduce using rule 29 (VarDecl)


State 39

   11 FuncDecl: FUNC_DECL TYPE ID $@2 LPAR ParamList RPAR LBRA Body RBRA •

    $default  reduce using rule 11 (FuncDecl)


State 40

   61 Stmt: error •

    $default  reduce using rule 61 (Stmt)


State 41

   13 FuncCall: ID • LPAR ExprList RPAR
   33 Stmt: ID • EQ Expr SEMICOLON
   34     | ID • EQ FuncCall SEMICOLON
   37     | ID • EQ Expr
   83 Array: ID • LBLO NUMBER RBLO

    LPAR  shift, and go to state 61
    LBLO  shift, and go to state 62
    EQ    shift, and go to state 63


State 42

   38 Stmt: WRITE • Expr SEMICOLON
   39     | WRITE • Expr
   40     | WRITE • LPAR Expr RPAR SEMICOLON
   41     | WRITE • Array SEMICOLON
   42     | WRITE • LPAR Expr RPAR

    error           shift, and go to state 64
    BOOL            shift, and go to state 65
    ID              shift, and go to state 66
    NUMBER          shift, and go to state 67
    DECIMAL_NUMBER  shift, and go to state 68
    STR             shift, and go to state 69
    CHR             shift, and go to state 70
    LPAR            shift, and go to state 71

    Expr   go to state 72
    Array  go to state 73


State 43

   43 Stmt: PRINT • Expr SEMICOLON
   44     | PRINT • Expr
   45     | PRINT • LPAR Expr RPAR SEMICOLON
   46     | PRINT • LPAR Expr RPAR

    error           shift, and go to state 64
    BOOL            shift, and go to state 65
    ID              shift, and go to state 74
    NUMBER          shift, and go to state 67
    DECIMAL_NUMBER  shift, and go to state 68
    STR             shift, and go to state 69
    CHR             shift, and go to state 70
    LPAR            shift, and go to state 75

    Expr  go to state 76


State 44

   49 Stmt: IF • LPAR Expr EQ Expr RPAR LBRA Stmt
   50     | IF • LPAR Expr EQ Expr RPAR LBRA Stmt ELSE LBRA Stmt RBRA
   51     | IF • LPAR Expr EQ Expr RPAR LBRA Stmt RBRA ELSE LBRA Stmt
   52     | IF • LPAR Expr EQ Expr RPAR LBRA Stmt ELSE LBRA RBRA
   53     | IF • LPAR Expr EQ Expr RPAR LBRA ELSE LBRA Stmt RBRA
   54     | IF • LPAR Expr EQ Expr RPAR LBRA Stmt RBRA ELSE LBRA
   55     | IF • LPAR Expr EQ Expr RPAR LBRA RBRA ELSE LBRA Stmt
   56     | IF • LPAR Expr EQ Expr RPAR LBRA
   57     | IF • LPAR Expr EQ Expr RPAR LBRA ELSE LBRA RBRA
   58     | IF • LPAR Expr EQ Expr RPAR LBRA RBRA ELSE LBRA
   63 IfStatements: IF • LPAR Expr RPAR LBRA Body RBRA
   64             | IF • LPAR Expr RPAR LBRA Body RBRA ElseStatement
   65             | IF • LPAR Expr RPAR LBRA Body RBRA ElseIfStatements
   66             | IF • LPAR Expr RPAR LBRA Body RBRA ElseIfStatements ElseStatement

    LPAR  shift, and go to state 77


State 45

   59 Stmt: RETURN • LPAR Expr RPAR SEMICOLON
   60     | RETURN • Expr SEMICOLON

    error           shift, and go to state 64
    BOOL            shift, and go to state 65
    ID              shift, and go to state 74
    NUMBER          shift, and go to state 67
    DECIMAL_NUMBER  shift, and go to state 68
    STR             shift, and go to state 69
    CHR             shift, and go to state 70
    LPAR            shift, and go to state 78

    Expr  go to state 79


State 46

   62 WhileStatement: WHILE • LPAR Expr RPAR LBRA Body RBRA

    LPAR  shift, and go to state 80


State 47

   35 Stmt: FuncCall • SEMICOLON

    SEMICOLON  shift, and go to state 81


State 48

    5 Body: VarDeclList StmtList •

    $default  reduce using rule 5 (Body)


State 49

   32 StmtList: Stmt • StmtList

    error   shift, and go to state 40
    ID      shift, and go to state 41
    WRITE   shift, and go to state 42
    PRINT   shift, and go to state 43
    IF      shift, and go to state 44
    RETURN  shift, and go to state 45
    WHILE   shift, and go to state 46

    RBRA  reduce using rule 31 (StmtList)

    FuncCall        go to state 47
    StmtList        go to state 82
    Stmt            go to state 49
    WhileStatement  go to state 50
    IfStatements    go to state 51
    Array           go to state 52


State 50

   48 Stmt: WhileStatement •

    $default  reduce using rule 48 (Stmt)


State 51

   47 Stmt: IfStatements •

    $default  reduce using rule 47 (Stmt)


State 52

   36 Stmt: Array • EQ Expr SEMICOLON

    EQ  shift, and go to state 83


State 53

   22 VarDeclList: error •
   30 VarDecl: error •

    error     reduce using rule 22 (VarDeclList)
    error     [reduce using rule 30 (VarDecl)]
    TYPE      reduce using rule 30 (VarDecl)
    ID        reduce using rule 22 (VarDeclList)
    ID        [reduce using rule 30 (VarDecl)]
    RBRA      reduce using rule 22 (VarDeclList)
    RBRA      [reduce using rule 30 (VarDecl)]
    WRITE     reduce using rule 22 (VarDeclList)
    WRITE     [reduce using rule 30 (VarDecl)]
    PRINT     reduce using rule 22 (VarDeclList)
    PRINT     [reduce using rule 30 (VarDecl)]
    IF        reduce using rule 22 (VarDeclList)
    IF        [reduce using rule 30 (VarDecl)]
    RETURN    reduce using rule 22 (VarDeclList)
    RETURN    [reduce using rule 30 (VarDecl)]
    WHILE     reduce using rule 22 (VarDeclList)
    WHILE     [reduce using rule 30 (VarDecl)]
    $default  reduce using rule 22 (VarDeclList)


State 54

   21 VarDeclList: VarDecl VarDeclList •

    $default  reduce using rule 21 (VarDeclList)


State 55

   25 VarDecl: Array_Decl SEMICOLON •

    $default  reduce using rule 25 (VarDecl)


State 56

   26 VarDecl: Array_Decl EQ • LBRA ExprList RBRA SEMICOLON

    LBRA  shift, and go to state 84


State 57

    4 MainFunc: VOID FUNC_DECL MAIN $@1 LPAR RPAR LBRA Body RBRA •

    $default  reduce using rule 4 (MainFunc)


State 58

   81 Array_Decl: TYPE ID LBLO • NUMBER RBLO
   82           | TYPE ID LBLO • NUMBER RBLO EQ LBRA ExprList RBRA

    NUMBER  shift, and go to state 85


State 59

   23 VarDecl: TYPE ID SEMICOLON •

    $default  reduce using rule 23 (VarDecl)


State 60

   24 VarDecl: TYPE ID EQ • Expr SEMICOLON
   28        | TYPE ID EQ • Expr

    error           shift, and go to state 64
    BOOL            shift, and go to state 65
    ID              shift, and go to state 74
    NUMBER          shift, and go to state 67
    DECIMAL_NUMBER  shift, and go to state 68
    STR             shift, and go to state 69
    CHR             shift, and go to state 70
    LPAR            shift, and go to state 86

    Expr  go to state 87


State 61

   13 FuncCall: ID LPAR • ExprList RPAR

    error           shift, and go to state 64
    BOOL            shift, and go to state 65
    ID              shift, and go to state 74
    NUMBER          shift, and go to state 67
    DECIMAL_NUMBER  shift, and go to state 68
    STR             shift, and go to state 69
    CHR             shift, and go to state 70
    LPAR            shift, and go to state 86

    ExprList  go to state 88
    Expr      go to state 89


State 62

   83 Array: ID LBLO • NUMBER RBLO

    NUMBER  shift, and go to state 90


State 63

   33 Stmt: ID EQ • Expr SEMICOLON
   34     | ID EQ • FuncCall SEMICOLON
   37     | ID EQ • Expr

    error           shift, and go to state 64
    BOOL            shift, and go to state 65
    ID              shift, and go to state 91
    NUMBER          shift, and go to state 67
    DECIMAL_NUMBER  shift, and go to state 68
    STR             shift, and go to state 69
    CHR             shift, and go to state 70
    LPAR            shift, and go to state 86

    FuncCall  go to state 92
    Expr      go to state 93


State 64

   80 Expr: error •

    $default  reduce using rule 80 (Expr)


State 65

   77 Expr: BOOL •

    $default  reduce using rule 77 (Expr)


State 66

   74 Expr: ID •
   83 Array: ID • LBLO NUMBER RBLO

    LBLO  shift, and go to state 62

    $default  reduce using rule 74 (Expr)


State 67

   75 Expr: NUMBER •

    $default  reduce using rule 75 (Expr)


State 68

   76 Expr: DECIMAL_NUMBER •

    $default  reduce using rule 76 (Expr)


State 69

   78 Expr: STR •

    $default  reduce using rule 78 (Expr)


State 70

   79 Expr: CHR •

    $default  reduce using rule 79 (Expr)


State 71

   40 Stmt: WRITE LPAR • Expr RPAR SEMICOLON
   42     | WRITE LPAR • Expr RPAR
   73 Expr: LPAR • Expr BinOp Expr RPAR

    error           shift, and go to state 64
    BOOL            shift, and go to state 65
    ID              shift, and go to state 74
    NUMBER          shift, and go to state 67
    DECIMAL_NUMBER  shift, and go to state 68
    STR             shift, and go to state 69
    CHR             shift, and go to state 70
    LPAR            shift, and go to state 86

    Expr  go to state 94


State 72

   38 Stmt: WRITE Expr • SEMICOLON
   39     | WRITE Expr •
   72 Expr: Expr • BinOp Expr

    error      shift, and go to state 95
    SEMICOLON  shift, and go to state 96
    PEQ        shift, and go to state 97
    SEQ        shift, and go to state 98
    MEQ        shift, and go to state 99
    DEQ        shift, and go to state 100
    DUP        shift, and go to state 101
    NUP        shift, and go to state 102
    LT         shift, and go to state 103
    LTE        shift, and go to state 104
    GT         shift, and go to state 105
    GTE        shift, and go to state 106
    PLUS       shift, and go to state 107
    MINUS      shift, and go to state 108
    MUL        shift, and go to state 109
    DIV        shift, and go to state 110
    POW        shift, and go to state 111
    FAC        shift, and go to state 112
    FIB        shift, and go to state 113

    error   [reduce using rule 39 (Stmt)]
    ID      reduce using rule 39 (Stmt)
    RBRA    reduce using rule 39 (Stmt)
    WRITE   reduce using rule 39 (Stmt)
    PRINT   reduce using rule 39 (Stmt)
    IF      reduce using rule 39 (Stmt)
    ELSE    reduce using rule 39 (Stmt)
    RETURN  reduce using rule 39 (Stmt)
    WHILE   reduce using rule 39 (Stmt)

    BinOp  go to state 114


State 73

   41 Stmt: WRITE Array • SEMICOLON

    SEMICOLON  shift, and go to state 115


State 74

   74 Expr: ID •

    $default  reduce using rule 74 (Expr)


State 75

   45 Stmt: PRINT LPAR • Expr RPAR SEMICOLON
   46     | PRINT LPAR • Expr RPAR
   73 Expr: LPAR • Expr BinOp Expr RPAR

    error           shift, and go to state 64
    BOOL            shift, and go to state 65
    ID              shift, and go to state 74
    NUMBER          shift, and go to state 67
    DECIMAL_NUMBER  shift, and go to state 68
    STR             shift, and go to state 69
    CHR             shift, and go to state 70
    LPAR            shift, and go to state 86

    Expr  go to state 116


State 76

   43 Stmt: PRINT Expr • SEMICOLON
   44     | PRINT Expr •
   72 Expr: Expr • BinOp Expr

    error      shift, and go to state 95
    SEMICOLON  shift, and go to state 117
    PEQ        shift, and go to state 97
    SEQ        shift, and go to state 98
    MEQ        shift, and go to state 99
    DEQ        shift, and go to state 100
    DUP        shift, and go to state 101
    NUP        shift, and go to state 102
    LT         shift, and go to state 103
    LTE        shift, and go to state 104
    GT         shift, and go to state 105
    GTE        shift, and go to state 106
    PLUS       shift, and go to state 107
    MINUS      shift, and go to state 108
    MUL        shift, and go to state 109
    DIV        shift, and go to state 110
    POW        shift, and go to state 111
    FAC        shift, and go to state 112
    FIB        shift, and go to state 113

    error   [reduce using rule 44 (Stmt)]
    ID      reduce using rule 44 (Stmt)
    RBRA    reduce using rule 44 (Stmt)
    WRITE   reduce using rule 44 (Stmt)
    PRINT   reduce using rule 44 (Stmt)
    IF      reduce using rule 44 (Stmt)
    ELSE    reduce using rule 44 (Stmt)
    RETURN  reduce using rule 44 (Stmt)
    WHILE   reduce using rule 44 (Stmt)

    BinOp  go to state 114


State 77

   49 Stmt: IF LPAR • Expr EQ Expr RPAR LBRA Stmt
   50     | IF LPAR • Expr EQ Expr RPAR LBRA Stmt ELSE LBRA Stmt RBRA
   51     | IF LPAR • Expr EQ Expr RPAR LBRA Stmt RBRA ELSE LBRA Stmt
   52     | IF LPAR • Expr EQ Expr RPAR LBRA Stmt ELSE LBRA RBRA
   53     | IF LPAR • Expr EQ Expr RPAR LBRA ELSE LBRA Stmt RBRA
   54     | IF LPAR • Expr EQ Expr RPAR LBRA Stmt RBRA ELSE LBRA
   55     | IF LPAR • Expr EQ Expr RPAR LBRA RBRA ELSE LBRA Stmt
   56     | IF LPAR • Expr EQ Expr RPAR LBRA
   57     | IF LPAR • Expr EQ Expr RPAR LBRA ELSE LBRA RBRA
   58     | IF LPAR • Expr EQ Expr RPAR LBRA RBRA ELSE LBRA
   63 IfStatements: IF LPAR • Expr RPAR LBRA Body RBRA
   64             | IF LPAR • Expr RPAR LBRA Body RBRA ElseStatement
   65             | IF LPAR • Expr RPAR LBRA Body RBRA ElseIfStatements
   66             | IF LPAR • Expr RPAR LBRA Body RBRA ElseIfStatements ElseStatement

    error           shift, and go to state 64
    BOOL            shift, and go to state 65
    ID              shift, and go to state 74
    NUMBER          shift, and go to state 67
    DECIMAL_NUMBER  shift, and go to state 68
    STR             shift, and go to state 69
    CHR             shift, and go to state 70
    LPAR            shift, and go to state 86

    Expr  go to state 118


State 78

   59 Stmt: RETURN LPAR • Expr RPAR SEMICOLON
   73 Expr: LPAR • Expr BinOp Expr RPAR

    error           shift, and go to state 64
    BOOL            shift, and go to state 65
    ID              shift, and go to state 74
    NUMBER          shift, and go to state 67
    DECIMAL_NUMBER  shift, and go to state 68
    STR             shift, and go to state 69
    CHR             shift, and go to state 70
    LPAR            shift, and go to state 86

    Expr  go to state 119


State 79

   60 Stmt: RETURN Expr • SEMICOLON
   72 Expr: Expr • BinOp Expr

    error      shift, and go to state 95
    SEMICOLON  shift, and go to state 120
    PEQ        shift, and go to state 97
    SEQ        shift, and go to state 98
    MEQ        shift, and go to state 99
    DEQ        shift, and go to state 100
    DUP        shift, and go to state 101
    NUP        shift, and go to state 102
    LT         shift, and go to state 103
    LTE        shift, and go to state 104
    GT         shift, and go to state 105
    GTE        shift, and go to state 106
    PLUS       shift, and go to state 107
    MINUS      shift, and go to state 108
    MUL        shift, and go to state 109
    DIV        shift, and go to state 110
    POW        shift, and go to state 111
    FAC        shift, and go to state 112
    FIB        shift, and go to state 113

    BinOp  go to state 114


State 80

   62 WhileStatement: WHILE LPAR • Expr RPAR LBRA Body RBRA

    error           shift, and go to state 64
    BOOL            shift, and go to state 65
    ID              shift, and go to state 74
    NUMBER          shift, and go to state 67
    DECIMAL_NUMBER  shift, and go to state 68
    STR             shift, and go to state 69
    CHR             shift, and go to state 70
    LPAR            shift, and go to state 86

    Expr  go to state 121


State 81

   35 Stmt: FuncCall SEMICOLON •

    $default  reduce using rule 35 (Stmt)


State 82

   32 StmtList: Stmt StmtList •

    $default  reduce using rule 32 (StmtList)


State 83

   36 Stmt: Array EQ • Expr SEMICOLON

    error           shift, and go to state 64
    BOOL            shift, and go to state 65
    ID              shift, and go to state 74
    NUMBER          shift, and go to state 67
    DECIMAL_NUMBER  shift, and go to state 68
    STR             shift, and go to state 69
    CHR             shift, and go to state 70
    LPAR            shift, and go to state 86

    Expr  go to state 122


State 84

   26 VarDecl: Array_Decl EQ LBRA • ExprList RBRA SEMICOLON

    error           shift, and go to state 64
    BOOL            shift, and go to state 65
    ID              shift, and go to state 74
    NUMBER          shift, and go to state 67
    DECIMAL_NUMBER  shift, and go to state 68
    STR             shift, and go to state 69
    CHR             shift, and go to state 70
    LPAR            shift, and go to state 86

    ExprList  go to state 123
    Expr      go to state 89


State 85

   81 Array_Decl: TYPE ID LBLO NUMBER • RBLO
   82           | TYPE ID LBLO NUMBER • RBLO EQ LBRA ExprList RBRA

    RBLO  shift, and go to state 124


State 86

   73 Expr: LPAR • Expr BinOp Expr RPAR

    error           shift, and go to state 64
    BOOL            shift, and go to state 65
    ID              shift, and go to state 74
    NUMBER          shift, and go to state 67
    DECIMAL_NUMBER  shift, and go to state 68
    STR             shift, and go to state 69
    CHR             shift, and go to state 70
    LPAR            shift, and go to state 86

    Expr  go to state 125


State 87

   24 VarDecl: TYPE ID EQ Expr • SEMICOLON
   28        | TYPE ID EQ Expr •
   72 Expr: Expr • BinOp Expr

    error      shift, and go to state 95
    SEMICOLON  shift, and go to state 126
    PEQ        shift, and go to state 97
    SEQ        shift, and go to state 98
    MEQ        shift, and go to state 99
    DEQ        shift, and go to state 100
    DUP        shift, and go to state 101
    NUP        shift, and go to state 102
    LT         shift, and go to state 103
    LTE        shift, and go to state 104
    GT         shift, and go to state 105
    GTE        shift, and go to state 106
    PLUS       shift, and go to state 107
    MINUS      shift, and go to state 108
    MUL        shift, and go to state 109
    DIV        shift, and go to state 110
    POW        shift, and go to state 111
    FAC        shift, and go to state 112
    FIB        shift, and go to state 113

    error   [reduce using rule 28 (VarDecl)]
    TYPE    reduce using rule 28 (VarDecl)
    ID      reduce using rule 28 (VarDecl)
    RBRA    reduce using rule 28 (VarDecl)
    WRITE   reduce using rule 28 (VarDecl)
    PRINT   reduce using rule 28 (VarDecl)
    IF      reduce using rule 28 (VarDecl)
    RETURN  reduce using rule 28 (VarDecl)
    WHILE   reduce using rule 28 (VarDecl)

    BinOp  go to state 114


State 88

   13 FuncCall: ID LPAR ExprList • RPAR

    RPAR  shift, and go to state 127


State 89

   70 ExprList: Expr •
   71         | Expr • COMMA ExprList
   72 Expr: Expr • BinOp Expr

    error  shift, and go to state 95
    COMMA  shift, and go to state 128
    PEQ    shift, and go to state 97
    SEQ    shift, and go to state 98
    MEQ    shift, and go to state 99
    DEQ    shift, and go to state 100
    DUP    shift, and go to state 101
    NUP    shift, and go to state 102
    LT     shift, and go to state 103
    LTE    shift, and go to state 104
    GT     shift, and go to state 105
    GTE    shift, and go to state 106
    PLUS   shift, and go to state 107
    MINUS  shift, and go to state 108
    MUL    shift, and go to state 109
    DIV    shift, and go to state 110
    POW    shift, and go to state 111
    FAC    shift, and go to state 112
    FIB    shift, and go to state 113

    RPAR  reduce using rule 70 (ExprList)
    RBRA  reduce using rule 70 (ExprList)

    BinOp  go to state 114


State 90

   83 Array: ID LBLO NUMBER • RBLO

    RBLO  shift, and go to state 129


State 91

   13 FuncCall: ID • LPAR ExprList RPAR
   74 Expr: ID •

    LPAR  shift, and go to state 61

    $default  reduce using rule 74 (Expr)


State 92

   34 Stmt: ID EQ FuncCall • SEMICOLON

    SEMICOLON  shift, and go to state 130


State 93

   33 Stmt: ID EQ Expr • SEMICOLON
   37     | ID EQ Expr •
   72 Expr: Expr • BinOp Expr

    error      shift, and go to state 95
    SEMICOLON  shift, and go to state 131
    PEQ        shift, and go to state 97
    SEQ        shift, and go to state 98
    MEQ        shift, and go to state 99
    DEQ        shift, and go to state 100
    DUP        shift, and go to state 101
    NUP        shift, and go to state 102
    LT         shift, and go to state 103
    LTE        shift, and go to state 104
    GT         shift, and go to state 105
    GTE        shift, and go to state 106
    PLUS       shift, and go to state 107
    MINUS      shift, and go to state 108
    MUL        shift, and go to state 109
    DIV        shift, and go to state 110
    POW        shift, and go to state 111
    FAC        shift, and go to state 112
    FIB        shift, and go to state 113

    error   [reduce using rule 37 (Stmt)]
    ID      reduce using rule 37 (Stmt)
    RBRA    reduce using rule 37 (Stmt)
    WRITE   reduce using rule 37 (Stmt)
    PRINT   reduce using rule 37 (Stmt)
    IF      reduce using rule 37 (Stmt)
    ELSE    reduce using rule 37 (Stmt)
    RETURN  reduce using rule 37 (Stmt)
    WHILE   reduce using rule 37 (Stmt)

    BinOp  go to state 114


State 94

   40 Stmt: WRITE LPAR Expr • RPAR SEMICOLON
   42     | WRITE LPAR Expr • RPAR
   72 Expr: Expr • BinOp Expr
   73     | LPAR Expr • BinOp Expr RPAR

    error  shift, and go to state 95
    RPAR   shift, and go to state 132
    PEQ    shift, and go to state 97
    SEQ    shift, and go to state 98
    MEQ    shift, and go to state 99
    DEQ    shift, and go to state 100
    DUP    shift, and go to state 101
    NUP    shift, and go to state 102
    LT     shift, and go to state 103
    LTE    shift, and go to state 104
    GT     shift, and go to state 105
    GTE    shift, and go to state 106
    PLUS   shift, and go to state 107
    MINUS  shift, and go to state 108
    MUL    shift, and go to state 109
    DIV    shift, and go to state 110
    POW    shift, and go to state 111
    FAC    shift, and go to state 112
    FIB    shift, and go to state 113

    BinOp  go to state 133


State 95

  101 BinOp: error •

    $default  reduce using rule 101 (BinOp)


State 96

   38 Stmt: WRITE Expr SEMICOLON •

    $default  reduce using rule 38 (Stmt)


State 97

   91 BinOp: PEQ •

    $default  reduce using rule 91 (BinOp)


State 98

   92 BinOp: SEQ •

    $default  reduce using rule 92 (BinOp)


State 99

   93 BinOp: MEQ •

    $default  reduce using rule 93 (BinOp)


State 100

   94 BinOp: DEQ •

    $default  reduce using rule 94 (BinOp)


State 101

   95 BinOp: DUP •

    $default  reduce using rule 95 (BinOp)


State 102

   96 BinOp: NUP •

    $default  reduce using rule 96 (BinOp)


State 103

   99 BinOp: LT •

    $default  reduce using rule 99 (BinOp)


State 104

  100 BinOp: LTE •

    $default  reduce using rule 100 (BinOp)


State 105

   97 BinOp: GT •

    $default  reduce using rule 97 (BinOp)


State 106

   98 BinOp: GTE •

    $default  reduce using rule 98 (BinOp)


State 107

   84 BinOp: PLUS •

    $default  reduce using rule 84 (BinOp)


State 108

   85 BinOp: MINUS •

    $default  reduce using rule 85 (BinOp)


State 109

   86 BinOp: MUL •

    $default  reduce using rule 86 (BinOp)


State 110

   87 BinOp: DIV •

    $default  reduce using rule 87 (BinOp)


State 111

   88 BinOp: POW •

    $default  reduce using rule 88 (BinOp)


State 112

   89 BinOp: FAC •

    $default  reduce using rule 89 (BinOp)


State 113

   90 BinOp: FIB •

    $default  reduce using rule 90 (BinOp)


State 114

   72 Expr: Expr BinOp • Expr

    error           shift, and go to state 64
    BOOL            shift, and go to state 65
    ID              shift, and go to state 74
    NUMBER          shift, and go to state 67
    DECIMAL_NUMBER  shift, and go to state 68
    STR             shift, and go to state 69
    CHR             shift, and go to state 70
    LPAR            shift, and go to state 86

    Expr  go to state 134


State 115

   41 Stmt: WRITE Array SEMICOLON •

    $default  reduce using rule 41 (Stmt)


State 116

   45 Stmt: PRINT LPAR Expr • RPAR SEMICOLON
   46     | PRINT LPAR Expr • RPAR
   72 Expr: Expr • BinOp Expr
   73     | LPAR Expr • BinOp Expr RPAR

    error  shift, and go to state 95
    RPAR   shift, and go to state 135
    PEQ    shift, and go to state 97
    SEQ    shift, and go to state 98
    MEQ    shift, and go to state 99
    DEQ    shift, and go to state 100
    DUP    shift, and go to state 101
    NUP    shift, and go to state 102
    LT     shift, and go to state 103
    LTE    shift, and go to state 104
    GT     shift, and go to state 105
    GTE    shift, and go to state 106
    PLUS   shift, and go to state 107
    MINUS  shift, and go to state 108
    MUL    shift, and go to state 109
    DIV    shift, and go to state 110
    POW    shift, and go to state 111
    FAC    shift, and go to state 112
    FIB    shift, and go to state 113

    BinOp  go to state 133


State 117

   43 Stmt: PRINT Expr SEMICOLON •

    $default  reduce using rule 43 (Stmt)


State 118

   49 Stmt: IF LPAR Expr • EQ Expr RPAR LBRA Stmt
   50     | IF LPAR Expr • EQ Expr RPAR LBRA Stmt ELSE LBRA Stmt RBRA
   51     | IF LPAR Expr • EQ Expr RPAR LBRA Stmt RBRA ELSE LBRA Stmt
   52     | IF LPAR Expr • EQ Expr RPAR LBRA Stmt ELSE LBRA RBRA
   53     | IF LPAR Expr • EQ Expr RPAR LBRA ELSE LBRA Stmt RBRA
   54     | IF LPAR Expr • EQ Expr RPAR LBRA Stmt RBRA ELSE LBRA
   55     | IF LPAR Expr • EQ Expr RPAR LBRA RBRA ELSE LBRA Stmt
   56     | IF LPAR Expr • EQ Expr RPAR LBRA
   57     | IF LPAR Expr • EQ Expr RPAR LBRA ELSE LBRA RBRA
   58     | IF LPAR Expr • EQ Expr RPAR LBRA RBRA ELSE LBRA
   63 IfStatements: IF LPAR Expr • RPAR LBRA Body RBRA
   64             | IF LPAR Expr • RPAR LBRA Body RBRA ElseStatement
   65             | IF LPAR Expr • RPAR LBRA Body RBRA ElseIfStatements
   66             | IF LPAR Expr • RPAR LBRA Body RBRA ElseIfStatements ElseStatement
   72 Expr: Expr • BinOp Expr

    error  shift, and go to state 95
    RPAR   shift, and go to state 136
    EQ     shift, and go to state 137
    PEQ    shift, and go to state 97
    SEQ    shift, and go to state 98
    MEQ    shift, and go to state 99
    DEQ    shift, and go to state 100
    DUP    shift, and go to state 101
    NUP    shift, and go to state 102
    LT     shift, and go to state 103
    LTE    shift, and go to state 104
    GT     shift, and go to state 105
    GTE    shift, and go to state 106
    PLUS   shift, and go to state 107
    MINUS  shift, and go to state 108
    MUL    shift, and go to state 109
    DIV    shift, and go to state 110
    POW    shift, and go to state 111
    FAC    shift, and go to state 112
    FIB    shift, and go to state 113

    BinOp  go to state 114


State 119

   59 Stmt: RETURN LPAR Expr • RPAR SEMICOLON
   72 Expr: Expr • BinOp Expr
   73     | LPAR Expr • BinOp Expr RPAR

    error  shift, and go to state 95
    RPAR   shift, and go to state 138
    PEQ    shift, and go to state 97
    SEQ    shift, and go to state 98
    MEQ    shift, and go to state 99
    DEQ    shift, and go to state 100
    DUP    shift, and go to state 101
    NUP    shift, and go to state 102
    LT     shift, and go to state 103
    LTE    shift, and go to state 104
    GT     shift, and go to state 105
    GTE    shift, and go to state 106
    PLUS   shift, and go to state 107
    MINUS  shift, and go to state 108
    MUL    shift, and go to state 109
    DIV    shift, and go to state 110
    POW    shift, and go to state 111
    FAC    shift, and go to state 112
    FIB    shift, and go to state 113

    BinOp  go to state 133


State 120

   60 Stmt: RETURN Expr SEMICOLON •

    $default  reduce using rule 60 (Stmt)


State 121

   62 WhileStatement: WHILE LPAR Expr • RPAR LBRA Body RBRA
   72 Expr: Expr • BinOp Expr

    error  shift, and go to state 95
    RPAR   shift, and go to state 139
    PEQ    shift, and go to state 97
    SEQ    shift, and go to state 98
    MEQ    shift, and go to state 99
    DEQ    shift, and go to state 100
    DUP    shift, and go to state 101
    NUP    shift, and go to state 102
    LT     shift, and go to state 103
    LTE    shift, and go to state 104
    GT     shift, and go to state 105
    GTE    shift, and go to state 106
    PLUS   shift, and go to state 107
    MINUS  shift, and go to state 108
    MUL    shift, and go to state 109
    DIV    shift, and go to state 110
    POW    shift, and go to state 111
    FAC    shift, and go to state 112
    FIB    shift, and go to state 113

    BinOp  go to state 114


State 122

   36 Stmt: Array EQ Expr • SEMICOLON
   72 Expr: Expr • BinOp Expr

    error      shift, and go to state 95
    SEMICOLON  shift, and go to state 140
    PEQ        shift, and go to state 97
    SEQ        shift, and go to state 98
    MEQ        shift, and go to state 99
    DEQ        shift, and go to state 100
    DUP        shift, and go to state 101
    NUP        shift, and go to state 102
    LT         shift, and go to state 103
    LTE        shift, and go to state 104
    GT         shift, and go to state 105
    GTE        shift, and go to state 106
    PLUS       shift, and go to state 107
    MINUS      shift, and go to state 108
    MUL        shift, and go to state 109
    DIV        shift, and go to state 110
    POW        shift, and go to state 111
    FAC        shift, and go to state 112
    FIB        shift, and go to state 113

    BinOp  go to state 114


State 123

   26 VarDecl: Array_Decl EQ LBRA ExprList • RBRA SEMICOLON

    RBRA  shift, and go to state 141


State 124

   81 Array_Decl: TYPE ID LBLO NUMBER RBLO •
   82           | TYPE ID LBLO NUMBER RBLO • EQ LBRA ExprList RBRA

    EQ  shift, and go to state 142

    EQ        [reduce using rule 81 (Array_Decl)]
    $default  reduce using rule 81 (Array_Decl)


State 125

   72 Expr: Expr • BinOp Expr
   73     | LPAR Expr • BinOp Expr RPAR

    error  shift, and go to state 95
    PEQ    shift, and go to state 97
    SEQ    shift, and go to state 98
    MEQ    shift, and go to state 99
    DEQ    shift, and go to state 100
    DUP    shift, and go to state 101
    NUP    shift, and go to state 102
    LT     shift, and go to state 103
    LTE    shift, and go to state 104
    GT     shift, and go to state 105
    GTE    shift, and go to state 106
    PLUS   shift, and go to state 107
    MINUS  shift, and go to state 108
    MUL    shift, and go to state 109
    DIV    shift, and go to state 110
    POW    shift, and go to state 111
    FAC    shift, and go to state 112
    FIB    shift, and go to state 113

    BinOp  go to state 133


State 126

   24 VarDecl: TYPE ID EQ Expr SEMICOLON •

    $default  reduce using rule 24 (VarDecl)


State 127

   13 FuncCall: ID LPAR ExprList RPAR •

    $default  reduce using rule 13 (FuncCall)


State 128

   71 ExprList: Expr COMMA • ExprList

    error           shift, and go to state 64
    BOOL            shift, and go to state 65
    ID              shift, and go to state 74
    NUMBER          shift, and go to state 67
    DECIMAL_NUMBER  shift, and go to state 68
    STR             shift, and go to state 69
    CHR             shift, and go to state 70
    LPAR            shift, and go to state 86

    ExprList  go to state 143
    Expr      go to state 89


State 129

   83 Array: ID LBLO NUMBER RBLO •

    $default  reduce using rule 83 (Array)


State 130

   34 Stmt: ID EQ FuncCall SEMICOLON •

    $default  reduce using rule 34 (Stmt)


State 131

   33 Stmt: ID EQ Expr SEMICOLON •

    $default  reduce using rule 33 (Stmt)


State 132

   40 Stmt: WRITE LPAR Expr RPAR • SEMICOLON
   42     | WRITE LPAR Expr RPAR •

    SEMICOLON  shift, and go to state 144

    $default  reduce using rule 42 (Stmt)


State 133

   72 Expr: Expr BinOp • Expr
   73     | LPAR Expr BinOp • Expr RPAR

    error           shift, and go to state 64
    BOOL            shift, and go to state 65
    ID              shift, and go to state 74
    NUMBER          shift, and go to state 67
    DECIMAL_NUMBER  shift, and go to state 68
    STR             shift, and go to state 69
    CHR             shift, and go to state 70
    LPAR            shift, and go to state 86

    Expr  go to state 145


State 134

   72 Expr: Expr • BinOp Expr
   72     | Expr BinOp Expr •

    error  shift, and go to state 95
    PEQ    shift, and go to state 97
    SEQ    shift, and go to state 98
    MEQ    shift, and go to state 99
    DEQ    shift, and go to state 100
    DUP    shift, and go to state 101
    NUP    shift, and go to state 102
    LT     shift, and go to state 103
    LTE    shift, and go to state 104
    GT     shift, and go to state 105
    GTE    shift, and go to state 106
    PLUS   shift, and go to state 107
    MINUS  shift, and go to state 108
    MUL    shift, and go to state 109
    DIV    shift, and go to state 110
    POW    shift, and go to state 111
    FAC    shift, and go to state 112
    FIB    shift, and go to state 113

    error      [reduce using rule 72 (Expr)]
    TYPE       reduce using rule 72 (Expr)
    ID         reduce using rule 72 (Expr)
    RPAR       reduce using rule 72 (Expr)
    RBRA       reduce using rule 72 (Expr)
    SEMICOLON  reduce using rule 72 (Expr)
    COMMA      reduce using rule 72 (Expr)
    EQ         reduce using rule 72 (Expr)
    PEQ        [reduce using rule 72 (Expr)]
    SEQ        [reduce using rule 72 (Expr)]
    MEQ        [reduce using rule 72 (Expr)]
    DEQ        [reduce using rule 72 (Expr)]
    DUP        [reduce using rule 72 (Expr)]
    NUP        [reduce using rule 72 (Expr)]
    LT         [reduce using rule 72 (Expr)]
    LTE        [reduce using rule 72 (Expr)]
    GT         [reduce using rule 72 (Expr)]
    GTE        [reduce using rule 72 (Expr)]
    PLUS       [reduce using rule 72 (Expr)]
    MINUS      [reduce using rule 72 (Expr)]
    MUL        [reduce using rule 72 (Expr)]
    DIV        [reduce using rule 72 (Expr)]
    POW        [reduce using rule 72 (Expr)]
    FAC        [reduce using rule 72 (Expr)]
    FIB        [reduce using rule 72 (Expr)]
    WRITE      reduce using rule 72 (Expr)
    PRINT      reduce using rule 72 (Expr)
    IF         reduce using rule 72 (Expr)
    ELSE       reduce using rule 72 (Expr)
    RETURN     reduce using rule 72 (Expr)
    WHILE      reduce using rule 72 (Expr)

    BinOp  go to state 114


State 135

   45 Stmt: PRINT LPAR Expr RPAR • SEMICOLON
   46     | PRINT LPAR Expr RPAR •

    SEMICOLON  shift, and go to state 146

    $default  reduce using rule 46 (Stmt)


State 136

   63 IfStatements: IF LPAR Expr RPAR • LBRA Body RBRA
   64             | IF LPAR Expr RPAR • LBRA Body RBRA ElseStatement
   65             | IF LPAR Expr RPAR • LBRA Body RBRA ElseIfStatements
   66             | IF LPAR Expr RPAR • LBRA Body RBRA ElseIfStatements ElseStatement

    LBRA  shift, and go to state 147


State 137

   49 Stmt: IF LPAR Expr EQ • Expr RPAR LBRA Stmt
   50     | IF LPAR Expr EQ • Expr RPAR LBRA Stmt ELSE LBRA Stmt RBRA
   51     | IF LPAR Expr EQ • Expr RPAR LBRA Stmt RBRA ELSE LBRA Stmt
   52     | IF LPAR Expr EQ • Expr RPAR LBRA Stmt ELSE LBRA RBRA
   53     | IF LPAR Expr EQ • Expr RPAR LBRA ELSE LBRA Stmt RBRA
   54     | IF LPAR Expr EQ • Expr RPAR LBRA Stmt RBRA ELSE LBRA
   55     | IF LPAR Expr EQ • Expr RPAR LBRA RBRA ELSE LBRA Stmt
   56     | IF LPAR Expr EQ • Expr RPAR LBRA
   57     | IF LPAR Expr EQ • Expr RPAR LBRA ELSE LBRA RBRA
   58     | IF LPAR Expr EQ • Expr RPAR LBRA RBRA ELSE LBRA

    error           shift, and go to state 64
    BOOL            shift, and go to state 65
    ID              shift, and go to state 74
    NUMBER          shift, and go to state 67
    DECIMAL_NUMBER  shift, and go to state 68
    STR             shift, and go to state 69
    CHR             shift, and go to state 70
    LPAR            shift, and go to state 86

    Expr  go to state 148


State 138

   59 Stmt: RETURN LPAR Expr RPAR • SEMICOLON

    SEMICOLON  shift, and go to state 149


State 139

   62 WhileStatement: WHILE LPAR Expr RPAR • LBRA Body RBRA

    LBRA  shift, and go to state 150


State 140

   36 Stmt: Array EQ Expr SEMICOLON •

    $default  reduce using rule 36 (Stmt)


State 141

   26 VarDecl: Array_Decl EQ LBRA ExprList RBRA • SEMICOLON

    SEMICOLON  shift, and go to state 151


State 142

   82 Array_Decl: TYPE ID LBLO NUMBER RBLO EQ • LBRA ExprList RBRA

    LBRA  shift, and go to state 152


State 143

   71 ExprList: Expr COMMA ExprList •

    $default  reduce using rule 71 (ExprList)


State 144

   40 Stmt: WRITE LPAR Expr RPAR SEMICOLON •

    $default  reduce using rule 40 (Stmt)


State 145

   72 Expr: Expr • BinOp Expr
   72     | Expr BinOp Expr •
   73     | LPAR Expr BinOp Expr • RPAR

    error  shift, and go to state 95
    RPAR   shift, and go to state 153
    PEQ    shift, and go to state 97
    SEQ    shift, and go to state 98
    MEQ    shift, and go to state 99
    DEQ    shift, and go to state 100
    DUP    shift, and go to state 101
    NUP    shift, and go to state 102
    LT     shift, and go to state 103
    LTE    shift, and go to state 104
    GT     shift, and go to state 105
    GTE    shift, and go to state 106
    PLUS   shift, and go to state 107
    MINUS  shift, and go to state 108
    MUL    shift, and go to state 109
    DIV    shift, and go to state 110
    POW    shift, and go to state 111
    FAC    shift, and go to state 112
    FIB    shift, and go to state 113

    error  [reduce using rule 72 (Expr)]
    RPAR   [reduce using rule 72 (Expr)]
    PEQ    [reduce using rule 72 (Expr)]
    SEQ    [reduce using rule 72 (Expr)]
    MEQ    [reduce using rule 72 (Expr)]
    DEQ    [reduce using rule 72 (Expr)]
    DUP    [reduce using rule 72 (Expr)]
    NUP    [reduce using rule 72 (Expr)]
    LT     [reduce using rule 72 (Expr)]
    LTE    [reduce using rule 72 (Expr)]
    GT     [reduce using rule 72 (Expr)]
    GTE    [reduce using rule 72 (Expr)]
    PLUS   [reduce using rule 72 (Expr)]
    MINUS  [reduce using rule 72 (Expr)]
    MUL    [reduce using rule 72 (Expr)]
    DIV    [reduce using rule 72 (Expr)]
    POW    [reduce using rule 72 (Expr)]
    FAC    [reduce using rule 72 (Expr)]
    FIB    [reduce using rule 72 (Expr)]

    BinOp  go to state 114


State 146

   45 Stmt: PRINT LPAR Expr RPAR SEMICOLON •

    $default  reduce using rule 45 (Stmt)


State 147

   63 IfStatements: IF LPAR Expr RPAR LBRA • Body RBRA
   64             | IF LPAR Expr RPAR LBRA • Body RBRA ElseStatement
   65             | IF LPAR Expr RPAR LBRA • Body RBRA ElseIfStatements
   66             | IF LPAR Expr RPAR LBRA • Body RBRA ElseIfStatements ElseStatement

    error  shift, and go to state 30
    TYPE   shift, and go to state 31

    error   [reduce using rule 20 (VarDeclList)]
    ID      reduce using rule 20 (VarDeclList)
    RBRA    reduce using rule 20 (VarDeclList)
    WRITE   reduce using rule 20 (VarDeclList)
    PRINT   reduce using rule 20 (VarDeclList)
    IF      reduce using rule 20 (VarDeclList)
    RETURN  reduce using rule 20 (VarDeclList)
    WHILE   reduce using rule 20 (VarDeclList)

    Body         go to state 154
    VarDeclList  go to state 33
    VarDecl      go to state 34
    Array_Decl   go to state 35


State 148

   49 Stmt: IF LPAR Expr EQ Expr • RPAR LBRA Stmt
   50     | IF LPAR Expr EQ Expr • RPAR LBRA Stmt ELSE LBRA Stmt RBRA
   51     | IF LPAR Expr EQ Expr • RPAR LBRA Stmt RBRA ELSE LBRA Stmt
   52     | IF LPAR Expr EQ Expr • RPAR LBRA Stmt ELSE LBRA RBRA
   53     | IF LPAR Expr EQ Expr • RPAR LBRA ELSE LBRA Stmt RBRA
   54     | IF LPAR Expr EQ Expr • RPAR LBRA Stmt RBRA ELSE LBRA
   55     | IF LPAR Expr EQ Expr • RPAR LBRA RBRA ELSE LBRA Stmt
   56     | IF LPAR Expr EQ Expr • RPAR LBRA
   57     | IF LPAR Expr EQ Expr • RPAR LBRA ELSE LBRA RBRA
   58     | IF LPAR Expr EQ Expr • RPAR LBRA RBRA ELSE LBRA
   72 Expr: Expr • BinOp Expr

    error  shift, and go to state 95
    RPAR   shift, and go to state 155
    PEQ    shift, and go to state 97
    SEQ    shift, and go to state 98
    MEQ    shift, and go to state 99
    DEQ    shift, and go to state 100
    DUP    shift, and go to state 101
    NUP    shift, and go to state 102
    LT     shift, and go to state 103
    LTE    shift, and go to state 104
    GT     shift, and go to state 105
    GTE    shift, and go to state 106
    PLUS   shift, and go to state 107
    MINUS  shift, and go to state 108
    MUL    shift, and go to state 109
    DIV    shift, and go to state 110
    POW    shift, and go to state 111
    FAC    shift, and go to state 112
    FIB    shift, and go to state 113

    BinOp  go to state 114


State 149

   59 Stmt: RETURN LPAR Expr RPAR SEMICOLON •

    $default  reduce using rule 59 (Stmt)


State 150

   62 WhileStatement: WHILE LPAR Expr RPAR LBRA • Body RBRA

    error  shift, and go to state 30
    TYPE   shift, and go to state 31

    error   [reduce using rule 20 (VarDeclList)]
    ID      reduce using rule 20 (VarDeclList)
    RBRA    reduce using rule 20 (VarDeclList)
    WRITE   reduce using rule 20 (VarDeclList)
    PRINT   reduce using rule 20 (VarDeclList)
    IF      reduce using rule 20 (VarDeclList)
    RETURN  reduce using rule 20 (VarDeclList)
    WHILE   reduce using rule 20 (VarDeclList)

    Body         go to state 156
    VarDeclList  go to state 33
    VarDecl      go to state 34
    Array_Decl   go to state 35


State 151

   26 VarDecl: Array_Decl EQ LBRA ExprList RBRA SEMICOLON •

    $default  reduce using rule 26 (VarDecl)


State 152

   82 Array_Decl: TYPE ID LBLO NUMBER RBLO EQ LBRA • ExprList RBRA

    error           shift, and go to state 64
    BOOL            shift, and go to state 65
    ID              shift, and go to state 74
    NUMBER          shift, and go to state 67
    DECIMAL_NUMBER  shift, and go to state 68
    STR             shift, and go to state 69
    CHR             shift, and go to state 70
    LPAR            shift, and go to state 86

    ExprList  go to state 157
    Expr      go to state 89


State 153

   73 Expr: LPAR Expr BinOp Expr RPAR •

    $default  reduce using rule 73 (Expr)


State 154

   63 IfStatements: IF LPAR Expr RPAR LBRA Body • RBRA
   64             | IF LPAR Expr RPAR LBRA Body • RBRA ElseStatement
   65             | IF LPAR Expr RPAR LBRA Body • RBRA ElseIfStatements
   66             | IF LPAR Expr RPAR LBRA Body • RBRA ElseIfStatements ElseStatement

    RBRA  shift, and go to state 158


State 155

   49 Stmt: IF LPAR Expr EQ Expr RPAR • LBRA Stmt
   50     | IF LPAR Expr EQ Expr RPAR • LBRA Stmt ELSE LBRA Stmt RBRA
   51     | IF LPAR Expr EQ Expr RPAR • LBRA Stmt RBRA ELSE LBRA Stmt
   52     | IF LPAR Expr EQ Expr RPAR • LBRA Stmt ELSE LBRA RBRA
   53     | IF LPAR Expr EQ Expr RPAR • LBRA ELSE LBRA Stmt RBRA
   54     | IF LPAR Expr EQ Expr RPAR • LBRA Stmt RBRA ELSE LBRA
   55     | IF LPAR Expr EQ Expr RPAR • LBRA RBRA ELSE LBRA Stmt
   56     | IF LPAR Expr EQ Expr RPAR • LBRA
   57     | IF LPAR Expr EQ Expr RPAR • LBRA ELSE LBRA RBRA
   58     | IF LPAR Expr EQ Expr RPAR • LBRA RBRA ELSE LBRA

    LBRA  shift, and go to state 159


State 156

   62 WhileStatement: WHILE LPAR Expr RPAR LBRA Body • RBRA

    RBRA  shift, and go to state 160


State 157

   82 Array_Decl: TYPE ID LBLO NUMBER RBLO EQ LBRA ExprList • RBRA

    RBRA  shift, and go to state 161


State 158

   63 IfStatements: IF LPAR Expr RPAR LBRA Body RBRA •
   64             | IF LPAR Expr RPAR LBRA Body RBRA • ElseStatement
   65             | IF LPAR Expr RPAR LBRA Body RBRA • ElseIfStatements
   66             | IF LPAR Expr RPAR LBRA Body RBRA • ElseIfStatements ElseStatement

    ELSEIF  shift, and go to state 162
    ELSE    shift, and go to state 163

    ELSE      [reduce using rule 63 (IfStatements)]
    $default  reduce using rule 63 (IfStatements)

    ElseIfStatements  go to state 164
    ElseStatement     go to state 165


State 159

   49 Stmt: IF LPAR Expr EQ Expr RPAR LBRA • Stmt
   50     | IF LPAR Expr EQ Expr RPAR LBRA • Stmt ELSE LBRA Stmt RBRA
   51     | IF LPAR Expr EQ Expr RPAR LBRA • Stmt RBRA ELSE LBRA Stmt
   52     | IF LPAR Expr EQ Expr RPAR LBRA • Stmt ELSE LBRA RBRA
   53     | IF LPAR Expr EQ Expr RPAR LBRA • ELSE LBRA Stmt RBRA
   54     | IF LPAR Expr EQ Expr RPAR LBRA • Stmt RBRA ELSE LBRA
   55     | IF LPAR Expr EQ Expr RPAR LBRA • RBRA ELSE LBRA Stmt
   56     | IF LPAR Expr EQ Expr RPAR LBRA •
   57     | IF LPAR Expr EQ Expr RPAR LBRA • ELSE LBRA RBRA
   58     | IF LPAR Expr EQ Expr RPAR LBRA • RBRA ELSE LBRA

    error   shift, and go to state 40
    ID      shift, and go to state 41
    RBRA    shift, and go to state 166
    WRITE   shift, and go to state 42
    PRINT   shift, and go to state 43
    IF      shift, and go to state 44
    ELSE    shift, and go to state 167
    RETURN  shift, and go to state 45
    WHILE   shift, and go to state 46

    error   [reduce using rule 56 (Stmt)]
    ID      [reduce using rule 56 (Stmt)]
    RBRA    [reduce using rule 56 (Stmt)]
    WRITE   [reduce using rule 56 (Stmt)]
    PRINT   [reduce using rule 56 (Stmt)]
    IF      [reduce using rule 56 (Stmt)]
    ELSE    [reduce using rule 56 (Stmt)]
    RETURN  [reduce using rule 56 (Stmt)]
    WHILE   [reduce using rule 56 (Stmt)]

    FuncCall        go to state 47
    Stmt            go to state 168
    WhileStatement  go to state 50
    IfStatements    go to state 51
    Array           go to state 52


State 160

   62 WhileStatement: WHILE LPAR Expr RPAR LBRA Body RBRA •

    $default  reduce using rule 62 (WhileStatement)


State 161

   82 Array_Decl: TYPE ID LBLO NUMBER RBLO EQ LBRA ExprList RBRA •

    $default  reduce using rule 82 (Array_Decl)


State 162

   67 ElseIfStatements: ELSEIF • LPAR Expr RPAR LBRA Body RBRA
   68                 | ELSEIF • LPAR Expr RPAR LBRA Body RBRA ElseIfStatements

    LPAR  shift, and go to state 169


State 163

   69 ElseStatement: ELSE • LBRA Body RBRA

    LBRA  shift, and go to state 170


State 164

   65 IfStatements: IF LPAR Expr RPAR LBRA Body RBRA ElseIfStatements •
   66             | IF LPAR Expr RPAR LBRA Body RBRA ElseIfStatements • ElseStatement

    ELSE  shift, and go to state 163

    ELSE      [reduce using rule 65 (IfStatements)]
    $default  reduce using rule 65 (IfStatements)

    ElseStatement  go to state 171


State 165

   64 IfStatements: IF LPAR Expr RPAR LBRA Body RBRA ElseStatement •

    $default  reduce using rule 64 (IfStatements)


State 166

   55 Stmt: IF LPAR Expr EQ Expr RPAR LBRA RBRA • ELSE LBRA Stmt
   58     | IF LPAR Expr EQ Expr RPAR LBRA RBRA • ELSE LBRA

    ELSE  shift, and go to state 172


State 167

   53 Stmt: IF LPAR Expr EQ Expr RPAR LBRA ELSE • LBRA Stmt RBRA
   57     | IF LPAR Expr EQ Expr RPAR LBRA ELSE • LBRA RBRA

    LBRA  shift, and go to state 173


State 168

   49 Stmt: IF LPAR Expr EQ Expr RPAR LBRA Stmt •
   50     | IF LPAR Expr EQ Expr RPAR LBRA Stmt • ELSE LBRA Stmt RBRA
   51     | IF LPAR Expr EQ Expr RPAR LBRA Stmt • RBRA ELSE LBRA Stmt
   52     | IF LPAR Expr EQ Expr RPAR LBRA Stmt • ELSE LBRA RBRA
   54     | IF LPAR Expr EQ Expr RPAR LBRA Stmt • RBRA ELSE LBRA

    RBRA  shift, and go to state 174
    ELSE  shift, and go to state 175

    RBRA      [reduce using rule 49 (Stmt)]
    ELSE      [reduce using rule 49 (Stmt)]
    $default  reduce using rule 49 (Stmt)


State 169

   67 ElseIfStatements: ELSEIF LPAR • Expr RPAR LBRA Body RBRA
   68                 | ELSEIF LPAR • Expr RPAR LBRA Body RBRA ElseIfStatements

    error           shift, and go to state 64
    BOOL            shift, and go to state 65
    ID              shift, and go to state 74
    NUMBER          shift, and go to state 67
    DECIMAL_NUMBER  shift, and go to state 68
    STR             shift, and go to state 69
    CHR             shift, and go to state 70
    LPAR            shift, and go to state 86

    Expr  go to state 176


State 170

   69 ElseStatement: ELSE LBRA • Body RBRA

    error  shift, and go to state 30
    TYPE   shift, and go to state 31

    error   [reduce using rule 20 (VarDeclList)]
    ID      reduce using rule 20 (VarDeclList)
    RBRA    reduce using rule 20 (VarDeclList)
    WRITE   reduce using rule 20 (VarDeclList)
    PRINT   reduce using rule 20 (VarDeclList)
    IF      reduce using rule 20 (VarDeclList)
    RETURN  reduce using rule 20 (VarDeclList)
    WHILE   reduce using rule 20 (VarDeclList)

    Body         go to state 177
    VarDeclList  go to state 33
    VarDecl      go to state 34
    Array_Decl   go to state 35


State 171

   66 IfStatements: IF LPAR Expr RPAR LBRA Body RBRA ElseIfStatements ElseStatement •

    $default  reduce using rule 66 (IfStatements)


State 172

   55 Stmt: IF LPAR Expr EQ Expr RPAR LBRA RBRA ELSE • LBRA Stmt
   58     | IF LPAR Expr EQ Expr RPAR LBRA RBRA ELSE • LBRA

    LBRA  shift, and go to state 178


State 173

   53 Stmt: IF LPAR Expr EQ Expr RPAR LBRA ELSE LBRA • Stmt RBRA
   57     | IF LPAR Expr EQ Expr RPAR LBRA ELSE LBRA • RBRA

    error   shift, and go to state 40
    ID      shift, and go to state 41
    RBRA    shift, and go to state 179
    WRITE   shift, and go to state 42
    PRINT   shift, and go to state 43
    IF      shift, and go to state 44
    RETURN  shift, and go to state 45
    WHILE   shift, and go to state 46

    FuncCall        go to state 47
    Stmt            go to state 180
    WhileStatement  go to state 50
    IfStatements    go to state 51
    Array           go to state 52


State 174

   51 Stmt: IF LPAR Expr EQ Expr RPAR LBRA Stmt RBRA • ELSE LBRA Stmt
   54     | IF LPAR Expr EQ Expr RPAR LBRA Stmt RBRA • ELSE LBRA

    ELSE  shift, and go to state 181


State 175

   50 Stmt: IF LPAR Expr EQ Expr RPAR LBRA Stmt ELSE • LBRA Stmt RBRA
   52     | IF LPAR Expr EQ Expr RPAR LBRA Stmt ELSE • LBRA RBRA

    LBRA  shift, and go to state 182


State 176

   67 ElseIfStatements: ELSEIF LPAR Expr • RPAR LBRA Body RBRA
   68                 | ELSEIF LPAR Expr • RPAR LBRA Body RBRA ElseIfStatements
   72 Expr: Expr • BinOp Expr

    error  shift, and go to state 95
    RPAR   shift, and go to state 183
    PEQ    shift, and go to state 97
    SEQ    shift, and go to state 98
    MEQ    shift, and go to state 99
    DEQ    shift, and go to state 100
    DUP    shift, and go to state 101
    NUP    shift, and go to state 102
    LT     shift, and go to state 103
    LTE    shift, and go to state 104
    GT     shift, and go to state 105
    GTE    shift, and go to state 106
    PLUS   shift, and go to state 107
    MINUS  shift, and go to state 108
    MUL    shift, and go to state 109
    DIV    shift, and go to state 110
    POW    shift, and go to state 111
    FAC    shift, and go to state 112
    FIB    shift, and go to state 113

    BinOp  go to state 114


State 177

   69 ElseStatement: ELSE LBRA Body • RBRA

    RBRA  shift, and go to state 184


State 178

   55 Stmt: IF LPAR Expr EQ Expr RPAR LBRA RBRA ELSE LBRA • Stmt
   58     | IF LPAR Expr EQ Expr RPAR LBRA RBRA ELSE LBRA •

    error   shift, and go to state 40
    ID      shift, and go to state 41
    WRITE   shift, and go to state 42
    PRINT   shift, and go to state 43
    IF      shift, and go to state 44
    RETURN  shift, and go to state 45
    WHILE   shift, and go to state 46

    error   [reduce using rule 58 (Stmt)]
    ID      [reduce using rule 58 (Stmt)]
    RBRA    reduce using rule 58 (Stmt)
    WRITE   [reduce using rule 58 (Stmt)]
    PRINT   [reduce using rule 58 (Stmt)]
    IF      [reduce using rule 58 (Stmt)]
    ELSE    reduce using rule 58 (Stmt)
    RETURN  [reduce using rule 58 (Stmt)]
    WHILE   [reduce using rule 58 (Stmt)]

    FuncCall        go to state 47
    Stmt            go to state 185
    WhileStatement  go to state 50
    IfStatements    go to state 51
    Array           go to state 52


State 179

   57 Stmt: IF LPAR Expr EQ Expr RPAR LBRA ELSE LBRA RBRA •

    $default  reduce using rule 57 (Stmt)


State 180

   53 Stmt: IF LPAR Expr EQ Expr RPAR LBRA ELSE LBRA Stmt • RBRA

    RBRA  shift, and go to state 186


State 181

   51 Stmt: IF LPAR Expr EQ Expr RPAR LBRA Stmt RBRA ELSE • LBRA Stmt
   54     | IF LPAR Expr EQ Expr RPAR LBRA Stmt RBRA ELSE • LBRA

    LBRA  shift, and go to state 187


State 182

   50 Stmt: IF LPAR Expr EQ Expr RPAR LBRA Stmt ELSE LBRA • Stmt RBRA
   52     | IF LPAR Expr EQ Expr RPAR LBRA Stmt ELSE LBRA • RBRA

    error   shift, and go to state 40
    ID      shift, and go to state 41
    RBRA    shift, and go to state 188
    WRITE   shift, and go to state 42
    PRINT   shift, and go to state 43
    IF      shift, and go to state 44
    RETURN  shift, and go to state 45
    WHILE   shift, and go to state 46

    FuncCall        go to state 47
    Stmt            go to state 189
    WhileStatement  go to state 50
    IfStatements    go to state 51
    Array           go to state 52


State 183

   67 ElseIfStatements: ELSEIF LPAR Expr RPAR • LBRA Body RBRA
   68                 | ELSEIF LPAR Expr RPAR • LBRA Body RBRA ElseIfStatements

    LBRA  shift, and go to state 190


State 184

   69 ElseStatement: ELSE LBRA Body RBRA •

    $default  reduce using rule 69 (ElseStatement)


State 185

   55 Stmt: IF LPAR Expr EQ Expr RPAR LBRA RBRA ELSE LBRA Stmt •

    $default  reduce using rule 55 (Stmt)


State 186

   53 Stmt: IF LPAR Expr EQ Expr RPAR LBRA ELSE LBRA Stmt RBRA •

    $default  reduce using rule 53 (Stmt)


State 187

   51 Stmt: IF LPAR Expr EQ Expr RPAR LBRA Stmt RBRA ELSE LBRA • Stmt
   54     | IF LPAR Expr EQ Expr RPAR LBRA Stmt RBRA ELSE LBRA •

    error   shift, and go to state 40
    ID      shift, and go to state 41
    WRITE   shift, and go to state 42
    PRINT   shift, and go to state 43
    IF      shift, and go to state 44
    RETURN  shift, and go to state 45
    WHILE   shift, and go to state 46

    error   [reduce using rule 54 (Stmt)]
    ID      [reduce using rule 54 (Stmt)]
    RBRA    reduce using rule 54 (Stmt)
    WRITE   [reduce using rule 54 (Stmt)]
    PRINT   [reduce using rule 54 (Stmt)]
    IF      [reduce using rule 54 (Stmt)]
    ELSE    reduce using rule 54 (Stmt)
    RETURN  [reduce using rule 54 (Stmt)]
    WHILE   [reduce using rule 54 (Stmt)]

    FuncCall        go to state 47
    Stmt            go to state 191
    WhileStatement  go to state 50
    IfStatements    go to state 51
    Array           go to state 52


State 188

   52 Stmt: IF LPAR Expr EQ Expr RPAR LBRA Stmt ELSE LBRA RBRA •

    $default  reduce using rule 52 (Stmt)


State 189

   50 Stmt: IF LPAR Expr EQ Expr RPAR LBRA Stmt ELSE LBRA Stmt • RBRA

    RBRA  shift, and go to state 192


State 190

   67 ElseIfStatements: ELSEIF LPAR Expr RPAR LBRA • Body RBRA
   68                 | ELSEIF LPAR Expr RPAR LBRA • Body RBRA ElseIfStatements

    error  shift, and go to state 30
    TYPE   shift, and go to state 31

    error   [reduce using rule 20 (VarDeclList)]
    ID      reduce using rule 20 (VarDeclList)
    RBRA    reduce using rule 20 (VarDeclList)
    WRITE   reduce using rule 20 (VarDeclList)
    PRINT   reduce using rule 20 (VarDeclList)
    IF      reduce using rule 20 (VarDeclList)
    RETURN  reduce using rule 20 (VarDeclList)
    WHILE   reduce using rule 20 (VarDeclList)

    Body         go to state 193
    VarDeclList  go to state 33
    VarDecl      go to state 34
    Array_Decl   go to state 35


State 191

   51 Stmt: IF LPAR Expr EQ Expr RPAR LBRA Stmt RBRA ELSE LBRA Stmt •

    $default  reduce using rule 51 (Stmt)


State 192

   50 Stmt: IF LPAR Expr EQ Expr RPAR LBRA Stmt ELSE LBRA Stmt RBRA •

    $default  reduce using rule 50 (Stmt)


State 193

   67 ElseIfStatements: ELSEIF LPAR Expr RPAR LBRA Body • RBRA
   68                 | ELSEIF LPAR Expr RPAR LBRA Body • RBRA ElseIfStatements

    RBRA  shift, and go to state 194


State 194

   67 ElseIfStatements: ELSEIF LPAR Expr RPAR LBRA Body RBRA •
   68                 | ELSEIF LPAR Expr RPAR LBRA Body RBRA • ElseIfStatements

    ELSEIF  shift, and go to state 162

    $default  reduce using rule 67 (ElseIfStatements)

    ElseIfStatements  go to state 195


State 195

   68 ElseIfStatements: ELSEIF LPAR Expr RPAR LBRA Body RBRA ElseIfStatements •

    $default  reduce using rule 68 (ElseIfStatements)
